<?xml version="1.0" encoding="UTF-8"?>
<testng-results skipped="0" failed="0" ignored="0" total="0" passed="0">
  <reporter-output>
  </reporter-output>
  <suite name="test.IUserServiceImplTest" duration-ms="12" started-at="2019-02-10T23:02:56 EET" finished-at="2019-02-10T23:02:57 EET">
    <groups>
    </groups>
    <test name="Command line test" duration-ms="12" started-at="2019-02-10T23:02:56 EET" finished-at="2019-02-10T23:02:57 EET">
    </test> <!-- Command line test -->
  </suite> <!-- test.IUserServiceImplTest -->
</testng-results>
